%!Adobe-FontList 1.14
%Locale:0x804

%BeginFont
Handler:DirectoryHandler
FontType:Invalid
OutlineFileName:F:\电信微信平台\Font\fontawesome-webfont.eot
FileModTime:1371429118
%EndFont

%BeginFont
Handler:DirectoryHandler
FontType:Invalid
OutlineFileName:F:\电信微信平台\Font\fontawesome-webfont.svg
FileModTime:1371429118
%EndFont

%BeginFont
Handler:DirectoryHandler
FontType:TrueType
FontName:FontAwesome
FamilyName:FontAwesome
StyleName:Regular
FullName:FontAwesome Regular
MenuName:FontAwesome
StyleBits:0
WritingScript:Roman
OutlineFileName:F:\电信微信平台\Font\fontawesome-webfont.ttf
DataFormat:sfntData
FileLength:79076
FileModTime:1371429118
WeightClass:400
WidthClass:5
AngleClass:0
%EndFont

%BeginFont
Handler:DirectoryHandler
FontType:Invalid
OutlineFileName:F:\电信微信平台\Font\fontawesome-webfont.woff
FileModTime:1371429118
%EndFont

%BeginFont
Handler:DirectoryHandler
FontType:Type1
FontName:FontAwesome
FamilyName:FontAwesome
StyleName:Regular
FullName:FontAwesome
MenuName:FontAwesome
StyleBits:0
WritingScript:Roman
OutlineFileName:F:\电信微信平台\Font\FontAwesome.otf
DataFormat:sfntData
UsesStandardEncoding:yes
isCFF:yes
FileLength:61896
FileModTime:1371429118
WeightClass:400
WidthClass:5
AngleClass:0
%EndFont

